0:100  0:100  MemLog inited, TSC freq: 1992273640
0:100  0:000  CPU was calibrated with RTC
0:100  0:000  
0:100  0:000  Now is 13.8.2019,  16:16:47 (GMT)
0:100  0:000  Starting Clover revision: 5033 on American Megatrends EFI
0:100  0:000  Build with: [Args: -D NO_GRUB_DRIVERS_EMBEDDED | -D NO_GRUB_DRIVERS_EMBEDDED -D USE_LOW_EBDA -D HAVE_LEGACY_EMURUNTIMEDXE -a X64 -b RELEASE -t XCODE8 -n 5 | OS: 10.13.6 | XCODE: 10.1]
0:100  0:000  SelfDevicePath=PciRoot(0x0)\Pci(0x1D,0x0)\Pci(0x0,0x0)\NVMe(0x1,E5-F5-89-26-68-B7-26-00)\HD(1,GPT,239BD399-D656-4218-92AE-E8CA18A50EA9,0x800,0x82000) @857C1E98
0:100  0:000  SelfDirPath = \EFI\CLOVER
0:100  0:000  === [ Get Smbios ] ========================================
0:105  0:004  Type 16 Index = 0
0:105  0:000  Total Memory Slots Count = 2
0:105  0:000  Type 17 Index = 0
0:105  0:000  SmbiosTable.Type17->Speed = 2400MHz
0:105  0:000  SmbiosTable.Type17->Size = 8192MB
0:105  0:000  SmbiosTable.Type17->Bank/Device = BANK 0 ChannelA-DIMM0
0:105  0:000  SmbiosTable.Type17->Vendor = Samsung
0:105  0:000  SmbiosTable.Type17->SerialNumber = 00000000
0:105  0:000  SmbiosTable.Type17->PartNumber = M471A1K44BM0-CRC    
0:105  0:000  Type 17 Index = 1
0:105  0:000  SmbiosTable.Type17->Speed = 2400MHz
0:105  0:000  SmbiosTable.Type17->Size = 8192MB
0:105  0:000  SmbiosTable.Type17->Bank/Device = BANK 2 ChannelB-DIMM0
0:105  0:000  SmbiosTable.Type17->Vendor = Samsung
0:105  0:000  SmbiosTable.Type17->SerialNumber = 00000000
0:105  0:000  SmbiosTable.Type17->PartNumber = M471A1K44BM0-CRC    
0:105  0:000  Boot status=0
0:105  0:000  Running on: 'ZenBook Pro 14 UX450FDX_UX450FDX' with board 'UX450FDX'
0:105  0:000  === [ GetCPUProperties ] ==================================
0:105  0:000  CPU Vendor = 756E6547 Model=806EB
0:105  0:000   The CPU supported SSE4.1
0:105  0:000  BrandString = Intel(R) Core(TM) i7-8565U CPU @ 1.80GHz
0:105  0:000   The CPU supported turbo
0:105  0:000  MSR 0x35               40008
0:105  0:000   TSC/CCC Information Leaf:
0:105  0:000    numerator     : 166
0:105  0:000    denominator   : 2
0:105  0:000   Calibrated ARTFrequency: 24003296
0:105  0:000  MSR 0xE2 before patch 1E008007
0:105  0:000  MSR 0xE2 is locked, PM patches will be turned on
0:105  0:000  MSR 0xCE              0004043D_F1011400
0:105  0:000  corrected FLEX_RATIO = 0
0:105  0:000  MSR 0x1B0             00000000
0:105  0:000  FSBFrequency = 90 MHz, DMI FSBFrequency = 100 MHz, Corrected FSBFrequency = 100 MHz
0:105  0:000  MaxDiv/MinDiv: 20.0/4
0:105  0:000  Turbo: 41/41/45/46
0:105  0:000  Features: 0xBFEBFBFF
0:105  0:000  Threads: 8
0:105  0:000  Cores: 4
0:105  0:000  FSB: 100 MHz
0:105  0:000  CPU: 1782 MHz
0:105  0:000  TSC: 1782 MHz
0:105  0:000  PIS: 100 MHz
0:105  0:000  ExternalClock: 25 MHz
0:105  0:000  === [ GetDevices ] ========================================
0:105  0:000  PCI (00|00:00.00) : 8086 3E34 class=060000
0:105  0:000  PCI (00|00:02.00) : 8086 3EA0 class=030000
0:105  0:000   - GFX: Model=Intel UHD Graphics 620 (Intel)
0:105  0:000  PCI (00|00:04.00) : 8086 1903 class=118000
0:105  0:000  PCI (00|00:08.00) : 8086 1911 class=088000
0:105  0:000  PCI (00|00:12.00) : 8086 9DF9 class=118000
0:105  0:000  PCI (00|00:14.00) : 8086 9DED class=0C0330
0:105  0:000  PCI (00|00:14.02) : 8086 9DEF class=050000
0:105  0:000  PCI (00|00:14.03) : 8086 9DF0 class=028000
0:105  0:000   - WIFI: Vendor=Intel
0:105  0:000  PCI (00|00:15.00) : 8086 9DE8 class=0C8000
0:105  0:000  PCI (00|00:15.01) : 8086 9DE9 class=0C8000
0:105  0:000  PCI (00|00:16.00) : 8086 9DE0 class=078000
0:105  0:000  PCI (00|00:17.00) : 8086 9DD3 class=010601
0:105  0:000  PCI (00|00:19.00) : 8086 9DC5 class=0C8000
0:105  0:000  PCI (00|00:1C.00) : 8086 9DB8 class=060400
0:105  0:000  PCI (00|00:1C.04) : 8086 9DBC class=060400
0:105  0:000  PCI (00|02:00.00) : 10DE 1C8D class=030200
0:105  0:000  PCI (00|02:00.01) : FFFF FFFF class=FFFFFF
0:105  0:000  PCI (00|00:1D.00) : 8086 9DB4 class=060400
0:105  0:000  PCI (00|03:00.00) : 2646 5008 class=010802
0:105  0:000  PCI (00|00:1F.00) : 8086 9D84 class=060100
0:105  0:000  PCI (00|00:1F.03) : 8086 9DC8 class=040380
0:105  0:000  PCI (00|00:1F.04) : 8086 9DA3 class=0C0500
0:105  0:000  PCI (00|00:1F.05) : 8086 9DA4 class=0C8000
0:105  0:000  === [ GetDefaultSettings ] ================================
0:105  0:000  Clover load options size = 0 bytes
0:106  0:001  EFI\CLOVER\config.plist loaded: Success
0:111  0:004  === [ GetListOfThemes ] ===================================
0:111  0:000  - [00]: Clovy
0:113  0:001  - [01]: random
0:113  0:000  - [01]: BeautyX
0:113  0:000  - [02]: embedded
0:114  0:000  === [ Found config plists ] ===============================
0:114  0:000  - config.plist
0:114  0:000  === [ GetEarlyUserSettings ] ==============================
0:114  0:000  timeout set to 5
0:114  0:000  Custom boot CUSTOM_BOOT_DISABLED (0x0)
0:114  0:000  ForceKextsToLoad: 2 requested
0:114  0:000   - [0]: System\Library\Extensions\IONetworkingFamily.kext
0:114  0:000   - [1]: System\Library\Extensions\IOGraphicsFamily.kext
0:114  0:000  KextsToPatch: 3 requested
0:114  0:000   - [00]: com.apple.iokit.IOAHCIBlockStorage (Enable TRIM for SSD) :: BinPatch :: data len: 11
0:114  0:000   - patch disabled at config
0:114  0:000   - [01]: com.apple.iokit.IOGraphicsFamily (Boot graphics glitch, 10.12 (credit denskop)) :: MatchOS: 10.12.x :: BinPatch :: data len: 5
0:114  0:000   - [02]: com.apple.iokit.IOGraphicsFamily (Boot graphics glitch, 10.13 (based on denskop patch)) :: MatchOS: 10.13.x :: BinPatch :: data len: 5
0:114  0:000  KernelToPatch: 3 requested
0:114  0:000   - [00]: MSR 0xE2 _xcpm_idle instant reboot(c) Pike R. Alpha :: data len: 8
0:114  0:000   - [01]: Disable panic kext logging on 10.13 release kernel (credit vit9696) :: MatchOS: 10.13.x :: data len: 6
0:114  0:000   - [02]: Disable panic kext logging on 10.14 release kernel (credit vit9696) :: MatchOS: 10.14.x :: data len: 6
0:114  0:000  Default theme: BeautyX
0:114  0:000  Hiding entries with string Preboot
0:114  0:000  === [ LoadDrivers ] =======================================
0:115  0:000  Loading FSInject.efi  status=Success
0:118  0:002  Loading HFSPlus.efi  status=Success
0:120  0:002   - driver needs connecting
0:120  0:000  Loading XhciDxe-64.efi  status=Success
0:123  0:002   - driver needs connecting
0:123  0:000  Loading VirtualSmc.efi  status=Success
0:126  0:003  Loading EmuVariableUefi-64.efi  status=Success
0:129  0:002  EmuVariableUefi Initialize: VariableCommonInitialize = Success, orig services stored, install gEmuVariableControlProtocolGuid = Success
0:129  0:000  Loading AptioMemoryFix-64.efi  status=Success
0:132  0:002  Loading DataHubDxe.efi  status=Success
0:136  0:003  Loading PartitionDxe.efi  status=Success
0:138  0:002   - driver needs connecting
0:138  0:000  Loading ApfsDriverLoader.efi  status=Success
0:141  0:002   - driver needs connecting
0:141  0:000  Loading AudioDxe.efi  status=Success
0:144  0:002   - driver needs connecting
0:144  0:000  5 drivers needs connecting ...
0:144  0:000  PlatformDriverOverrideProtocol not found. Installing ... Success
0:144  0:000  Partition driver loaded: 
0:144  0:000  HFS+ driver loaded
0:144  0:000  APFS driver loaded
0:144  0:000  Searching for invalid DiskIo BY_DRIVER connects: not found, all ok
4:030  3:886  EmuVariable InstallEmulation: orig vars copied, emu.var.services installed, CreateEvent VirtualAddressChange = Success, CreateEvent ExitBootServices = Success, set Status=Success
4:064  0:034  === [ InitScreen ] ========================================
4:064  0:000  Console modes reported: 4, available modes:
4:064  0:000   - [01]: 80x25 (current mode)
4:064  0:000   - [02]: 80x50
4:064  0:000   - [03]: 100x31
4:064  0:000   - [04]: 240x56
4:064  0:000  SetScreenResolution: 1920x1080 - already set
4:064  0:000  reinit: self device path=PciRoot(0x0)\Pci(0x1D,0x0)\Pci(0x0,0x0)\NVMe(0x1,E5-F5-89-26-68-B7-26-00)\HD(1,GPT,239BD399-D656-4218-92AE-E8CA18A50EA9,0x800,0x82000)
4:065  0:000  === [ GetMacAddress ] =====================================
4:065  0:000   get legacy LAN MAC, 0 card found
4:065  0:000  === [ ScanSPD ] ===========================================
4:065  0:000  Scanning SMBus [8086:9DA3], mmio: 0xB4324004, ioport: 0xEFA0, hostc: 0x11
4:066  0:001  === [ GetAcpiTablesList ] =================================
4:075  0:009  Get Acpi Tables List from RSDT:
4:075  0:000   - [00]: FACP  Notebook len=132
4:075  0:000   - [01]: APIC  Notebook len=188
4:075  0:000   - [02]: FPDT  Notebook len=68
4:075  0:000   - [03]: FIDT  Notebook len=156
4:075  0:000   - [04]: MCFG  Notebook len=60
4:075  0:000   - [05]: ECDT  Notebook len=193
4:075  0:000   - [06]: SSDT  SataTabl len=888
4:075  0:000   - [07]: SSDT  DptfTabl len=21648
4:075  0:000   - [08]: SSDT  CpuSsdt len=6086
4:075  0:000   - [09]: MSDM  Notebook len=85
4:075  0:000   - [10]: SSDT  SaSsdt  len=12742
4:075  0:000   - [11]: HPET  Notebook len=56
4:075  0:000   - [12]: SSDT  xh_whld4 len=10695
4:075  0:000   - [13]: UEFI  Notebook len=72
4:075  0:000   - [14]: LPIT  Notebook len=92
4:075  0:000   - [15]: SSDT  TbtTypeC len=5346
4:075  0:000   - [16]: DBGP  Notebook len=52
4:075  0:000   - [17]: DBG2  Notebook len=84
4:075  0:000   - [18]: SSDT  ADebTabl len=324
4:075  0:000   - [19]: SSDT  SgRpSsdt len=1308
4:075  0:000   - [20]: NHLT  EDK2     len=45
4:075  0:000   - [21]: BGRT  Notebook len=56
4:075  0:000   - [22]: TPM2  Notebook len=52
4:075  0:000   - [23]: SSDT  OptTabl len=8226
4:075  0:000   - [24]: WSMT  Notebook len=40
4:075  0:000  Calibrated TSC Frequency = 1992273640 = 1992MHz
4:075  0:000  === [ GetUserSettings ] ===================================
4:075  0:000  Add 2 devices:
4:075  0:000  USB FixOwnership: yes
4:075  0:000  Dropping 3 tables:
4:075  0:000   - [00]: Drop table  signature="#MCF" (46434D23)
4:075  0:000           - set table: 46434D23,                0 to drop: no
4:075  0:000   - [01]: Drop table  signature="DMAR" (52414D44)
4:075  0:000           - set table: 52414D44,                0 to drop: no
4:075  0:000   - [02]: Drop table  signature="SSDT" (54445353) table-id="xh_rvp10" (30317076725F6878)
4:075  0:000           - set table: 54445353, 30317076725F6878 to drop: no
4:075  0:000   - final DSDT Fix mask=40060050
4:075  0:000  Using ProductName from config: MacBookPro15,1
4:075  0:000  Using latest BiosVersion from clover
4:075  0:000  BiosVersion: MBP151.88Z.F000.B00.1904222000
4:075  0:000  BiosReleaseDate: 04/22/2019
4:075  0:000  Using latest EfiVersion from clover: 220.270.99.0.0
4:075  0:000  Using FirmwareFeatures from config: 0xFC0FE137
4:075  0:000  Using FirmwareFeaturesMask from config: 0xFF1FFF3F
4:075  0:000  Board-ID set from config as Mac-937A206F2EE63C01
4:075  0:000  BoardType: 0xA
4:075  0:000  ChassisType: 0x9
4:076  0:000  === [ Found DSDT tables ] =================================
4:076  0:000  - DSDT.aml
4:144  0:067  === [ ScanVolumes ] =======================================
4:144  0:000  Found 10 volumes with blockIO
4:144  0:000  - [00]: Volume: PciRoot(0x0)\Pci(0x1D,0x0)\Pci(0x0,0x0)\NVMe(0x1,E5-F5-89-26-68-B7-26-00)
4:144  0:000  - [01]: Volume: PciRoot(0x0)\Pci(0x1D,0x0)\Pci(0x0,0x0)\NVMe(0x1,E5-F5-89-26-68-B7-26-00)\HD(1,GPT,239BD399-D656-4218-92AE-E8CA18A50EA9,0x800,0x82000)
4:144  0:000          Result of bootcode detection: bootable Windows (vista,win)
4:145  0:000          This is SelfVolume !!
4:145  0:000  - [02]: Volume: PciRoot(0x0)\Pci(0x1D,0x0)\Pci(0x0,0x0)\NVMe(0x1,E5-F5-89-26-68-B7-26-00)\HD(2,GPT,363EA113-F50A-419A-897D-CB0347C7138C,0x82800,0x8000)
4:145  0:000  - [03]: Volume: PciRoot(0x0)\Pci(0x1D,0x0)\Pci(0x0,0x0)\NVMe(0x1,E5-F5-89-26-68-B7-26-00)\HD(3,GPT,8D3727FF-0A0C-4D13-8B5E-DD6BE3507036,0x8A800,0x15F90000)
4:145  0:000          Result of bootcode detection: bootable Windows (vista,win)
4:145  0:000  - [04]: Volume: PciRoot(0x0)\Pci(0x1D,0x0)\Pci(0x0,0x0)\NVMe(0x1,E5-F5-89-26-68-B7-26-00)\HD(4,GPT,8C5FAF9C-D725-43B7-88C0-40F8E148D6EE,0x23A60800,0x104C5000)
4:145  0:000          Result of bootcode detection: bootable unknown (legacy)
4:145  0:000  - [05]: Volume: PciRoot(0x0)\Pci(0x1D,0x0)\Pci(0x0,0x0)\NVMe(0x1,E5-F5-89-26-68-B7-26-00)\HD(5,GPT,B9C7DE1F-AE22-42BF-AD85-DB10C7AB8638,0x33F25800,0x7912800)
4:146  0:000  - [06]: Volume: PciRoot(0x0)\Pci(0x1D,0x0)\Pci(0x0,0x0)\NVMe(0x1,E5-F5-89-26-68-B7-26-00)\HD(4,GPT,8C5FAF9C-D725-43B7-88C0-40F8E148D6EE,0x23A60800,0x104C5000)\VenMedia(BE74FCF7-0B7C-49F3-9147-01F4042E6842,1B3A6069C46F93408232F50DF0C5CE69)
4:146  0:000          hiding this volume
4:146  0:000  - [07]: Volume: PciRoot(0x0)\Pci(0x1D,0x0)\Pci(0x0,0x0)\NVMe(0x1,E5-F5-89-26-68-B7-26-00)\HD(4,GPT,8C5FAF9C-D725-43B7-88C0-40F8E148D6EE,0x23A60800,0x104C5000)\VenMedia(BE74FCF7-0B7C-49F3-9147-01F4042E6842,8F3B8878918CE948B81C4DA8475FCE3F)
4:146  0:000  - [08]: Volume: PciRoot(0x0)\Pci(0x1D,0x0)\Pci(0x0,0x0)\NVMe(0x1,E5-F5-89-26-68-B7-26-00)\HD(4,GPT,8C5FAF9C-D725-43B7-88C0-40F8E148D6EE,0x23A60800,0x104C5000)\VenMedia(BE74FCF7-0B7C-49F3-9147-01F4042E6842,4872C2B391D0E845A1439E040F95E66A)
4:146  0:000  - [09]: Volume: PciRoot(0x0)\Pci(0x1D,0x0)\Pci(0x0,0x0)\NVMe(0x1,E5-F5-89-26-68-B7-26-00)\HD(4,GPT,8C5FAF9C-D725-43B7-88C0-40F8E148D6EE,0x23A60800,0x104C5000)\VenMedia(BE74FCF7-0B7C-49F3-9147-01F4042E6842,2F9323BE0416B843A678365AD2200536)
4:146  0:000  PutNvramPlistToRtVars: nvram.plist not found
4:146  0:000  found 2 handles with audio
4:146  0:000  No AudioIoDevice stored
4:146  0:000  no stored audio parameters
4:146  0:000  === [ InitTheme ] =========================================
4:146  0:000  use daylight theme
4:147  0:001  Using theme 'BeautyX' (EFI\CLOVER\themes\BeautyX)
4:147  0:000  OS main and drive as badge
4:148  0:000    Channels: 1  Sample rate: 44100 Hz  Bits: 16
4:148  0:000  output to channel 0 with volume 70, len=147584
4:148  0:000   sound channels=1 bits=16 freq=44100
4:148  0:000  not found AudioIo to play
4:148  0:000  free sound
4:148  0:000  sound play end with status=Not Found
4:150  0:001  Loading font from ThemeDir: Success
4:150  0:000  theme inited
4:150  0:000  Chosen theme BeautyX
4:150  0:000  after NVRAM boot-args=dart=0 nv_disable=1-cdfon -wegnoegpu -v
4:150  0:000  === [ Dump SMC keys from NVRAM ] ==========================
4:150  0:000  found AppleSMC protocol
4:150  0:000  === [ AddCustomEntries ] ==================================
4:150  0:000  Custom entry 0 Title:"Recovery" Path:"\com.apple.recovery.boot\boot.efi" Type:10 Flags:0x6 matching all volumes
4:150  0:000      Checking volume "SYSTEM" (PciRoot(0x0)\Pci(0x1D,0x0)\Pci(0x0,0x0)\NVMe(0x1,E5-F5-89-26-68-B7-26-00)\HD(1,GPT,239BD399-D656-4218-92AE-E8CA18A50EA9,0x800,0x82000)) ... skipped because path does not exist
4:150  0:000      Checking volume "Preboot" (PciRoot(0x0)\Pci(0x1D,0x0)\Pci(0x0,0x0)\NVMe(0x1,E5-F5-89-26-68-B7-26-00)\HD(4,GPT,8C5FAF9C-D725-43B7-88C0-40F8E148D6EE,0x23A60800,0x104C5000)\VenMedia(BE74FCF7-0B7C-49F3-9147-01F4042E6842,1B3A6069C46F93408232F50DF0C5CE69)) ... skipped because volume is hidden
4:150  0:000      Checking volume "macos" (PciRoot(0x0)\Pci(0x1D,0x0)\Pci(0x0,0x0)\NVMe(0x1,E5-F5-89-26-68-B7-26-00)\HD(4,GPT,8C5FAF9C-D725-43B7-88C0-40F8E148D6EE,0x23A60800,0x104C5000)\VenMedia(BE74FCF7-0B7C-49F3-9147-01F4042E6842,8F3B8878918CE948B81C4DA8475FCE3F)) ... skipped because path does not exist
4:150  0:000      Checking volume "Recovery" (PciRoot(0x0)\Pci(0x1D,0x0)\Pci(0x0,0x0)\NVMe(0x1,E5-F5-89-26-68-B7-26-00)\HD(4,GPT,8C5FAF9C-D725-43B7-88C0-40F8E148D6EE,0x23A60800,0x104C5000)\VenMedia(BE74FCF7-0B7C-49F3-9147-01F4042E6842,4872C2B391D0E845A1439E040F95E66A)) ... skipped because path does not exist
4:150  0:000      Checking volume "VM" (PciRoot(0x0)\Pci(0x1D,0x0)\Pci(0x0,0x0)\NVMe(0x1,E5-F5-89-26-68-B7-26-00)\HD(4,GPT,8C5FAF9C-D725-43B7-88C0-40F8E148D6EE,0x23A60800,0x104C5000)\VenMedia(BE74FCF7-0B7C-49F3-9147-01F4042E6842,2F9323BE0416B843A678365AD2200536)) ... skipped because path does not exist
4:150  0:000  Custom entry 1 Title:"Windows" Path:"\EFI\Microsoft\Boot\bootmgfw.efi" Options:"-s -h" Type:7 Flags:0x0 matching all volumes
4:150  0:000      Checking volume "SYSTEM" (PciRoot(0x0)\Pci(0x1D,0x0)\Pci(0x0,0x0)\NVMe(0x1,E5-F5-89-26-68-B7-26-00)\HD(1,GPT,239BD399-D656-4218-92AE-E8CA18A50EA9,0x800,0x82000)) ... match!
4:152  0:002  Custom settings: <null string>.plist will  be applied
4:152  0:000      Checking volume "Preboot" (PciRoot(0x0)\Pci(0x1D,0x0)\Pci(0x0,0x0)\NVMe(0x1,E5-F5-89-26-68-B7-26-00)\HD(4,GPT,8C5FAF9C-D725-43B7-88C0-40F8E148D6EE,0x23A60800,0x104C5000)\VenMedia(BE74FCF7-0B7C-49F3-9147-01F4042E6842,1B3A6069C46F93408232F50DF0C5CE69)) ... skipped because volume is hidden
4:152  0:000      Checking volume "macos" (PciRoot(0x0)\Pci(0x1D,0x0)\Pci(0x0,0x0)\NVMe(0x1,E5-F5-89-26-68-B7-26-00)\HD(4,GPT,8C5FAF9C-D725-43B7-88C0-40F8E148D6EE,0x23A60800,0x104C5000)\VenMedia(BE74FCF7-0B7C-49F3-9147-01F4042E6842,8F3B8878918CE948B81C4DA8475FCE3F)) ... skipped because path does not exist
4:154  0:001      Checking volume "Recovery" (PciRoot(0x0)\Pci(0x1D,0x0)\Pci(0x0,0x0)\NVMe(0x1,E5-F5-89-26-68-B7-26-00)\HD(4,GPT,8C5FAF9C-D725-43B7-88C0-40F8E148D6EE,0x23A60800,0x104C5000)\VenMedia(BE74FCF7-0B7C-49F3-9147-01F4042E6842,4872C2B391D0E845A1439E040F95E66A)) ... skipped because path does not exist
4:154  0:000      Checking volume "VM" (PciRoot(0x0)\Pci(0x1D,0x0)\Pci(0x0,0x0)\NVMe(0x1,E5-F5-89-26-68-B7-26-00)\HD(4,GPT,8C5FAF9C-D725-43B7-88C0-40F8E148D6EE,0x23A60800,0x104C5000)\VenMedia(BE74FCF7-0B7C-49F3-9147-01F4042E6842,2F9323BE0416B843A678365AD2200536)) ... skipped because path does not exist
4:154  0:000  === [ ScanLoader ] ========================================
4:154  0:000  - [01]: 'SYSTEM'
4:155  0:001          AddLoaderEntry for Volume Name=SYSTEM
4:155  0:000       skipped because path `PciRoot(0x0)\Pci(0x1D,0x0)\Pci(0x0,0x0)\NVMe(0x1,E5-F5-89-26-68-B7-26-00)\HD(1,GPT,239BD399-D656-4218-92AE-E8CA18A50EA9,0x800,0x82000)\EFI\microsoft\Boot\bootmgfw.efii` already exists for another entry!
4:161  0:005          AddLoaderEntry for Volume Name=SYSTEM
4:176  0:015          AddLoaderEntry for Volume Name=SYSTEM
4:176  0:000          skipped because entry is hidden
4:176  0:000  - [06]: 'Preboot', hidden
4:176  0:000  - [07]: 'macos'
4:178  0:002          AddLoaderEntry for Volume Name=macos
4:186  0:008          AddLoaderEntry for Volume Name=macos
4:187  0:000      hibernated: set as never
4:443  0:255          AddLoaderEntry for Volume Name=macos
4:443  0:000          skipped because entry is hidden
4:443  0:000  - [08]: 'Recovery'
4:443  0:000          AddLoaderEntry for Volume Name=Recovery
4:461  0:017  - [09]: 'VM'
4:477  0:016  === [ AddCustomTool ] =====================================
4:478  0:000  found tool \EFI\CLOVER\tools\Shell64U.efi
4:478  0:000  Checking EFI partition Volume 1 for Clover
4:478  0:000   Found Clover
4:478  0:000  EmuVariable UninstallEmulation: CloseEvent = Success, original var services restored
4:479  0:001  EmuVariable InstallEmulation: orig vars copied, emu.var.services installed, CreateEvent VirtualAddressChange = Success, CreateEvent ExitBootServices = Success, set Status=Success
4:514  0:034  === [ GetEfiBootDeviceFromNvram ] =========================
4:514  0:000  Default boot entry not found
4:514  0:000  EmuVariable UninstallEmulation: CloseEvent = Success, original var services restored
4:514  0:000  DefaultIndex=-1 and MainMenu.EntryCount=11
4:741  0:227  can't bear mouse at all! Status=Unsupported
4:741  0:000  GUI ready
6:715  1:973  can't bear mouse at sel! Status=Unsupported
7:065  0:349  can't bear mouse at sel! Status=Unsupported
11:346  4:281  Found UEFI Acpi 2.0 RSDP at 8A3D4000
11:346  0:000  Saving ACPI tables from RSDP 8A3D4000 to EFI\CLOVER\ACPI\origin ...
11:346  0:000   8A3D4000: 'RSD PTR ', Rev: 2 (Acpi 2.0 or newer), Len: 36 -> RSDP.aml
11:361  0:014    (Xsdt: 8A3D40B8, Rsdt: 8A3D4028)
11:361  0:000    8A3D40B8: 'XSDT', 'Notebook', Rev: 1, Len: 236 -> XSDT.aml
11:375  0:014    8A3D4028: 'RSDT', 'Notebook', Rev: 1, Len: 136 -> RSDT.aml
11:389  0:014    Tables in Xsdt: 25
11:389  0:000    0. 8A415988: 'FACP', 'Notebook', Rev: 6, Len: 276 -> FACP.aml
11:403  0:014        (Dsdt: 8A3D4230, Facs: 8A526080, XDsdt: 8A3D4230, XFacs: 0)
11:403  0:000        8A3D4230: 'DSDT', 'Notebook', Rev: 2, Len: 268120 -> DSDT.aml
11:422  0:018        8A526080: 'FACS', Ver: 2, Len: 64 -> FACS.aml
11:436  0:014    1. 8A415AA0: 'APIC', 'Notebook', Rev: 4, Len: 188 -> APIC.aml
11:450  0:014    2. 8A415B60: 'FPDT', 'Notebook', Rev: 1, Len: 68 -> FPDT.aml
11:465  0:014    3. 8A415BA8: 'FIDT', 'Notebook', Rev: 1, Len: 156 -> FIDT.aml
11:479  0:014    4. 8A415C48: 'MCFG', 'Notebook', Rev: 1, Len: 60 -> MCFG.aml
11:494  0:014    5. 8A415C88: 'ECDT', 'Notebook', Rev: 1, Len: 193 -> ECDT.aml
11:518  0:024    6. 8A415D50: 'SSDT', 'SataTabl', Rev: 1, Len: 888 -> SSDT-0.aml
11:532  0:014    7. 8A4160C8: 'SSDT', 'DptfTabl', Rev: 2, Len: 21648 -> SSDT-1.aml
11:547  0:014    8. 8A41B558: 'SSDT', 'CpuSsdt', Rev: 2, Len: 6086 -> SSDT-2.aml (Found hidden SSDT 7 pcs)
11:562  0:014        * 8A390298: 'SSDT', 'Cpu0Ist', Rev: 2, Len: 1515  53 53 44 54 EB 05 00 00 02 84 50 6D 52 65 66 00 Internal length = 1515 -> SSDT-x2_0.aml
11:577  0:015        * 8A388018: 'SSDT', 'ApIst', Rev: 2, Len: 3825  53 53 44 54 F1 0E 00 00 02 ED 50 6D 52 65 66 00 Internal length = 3825 -> SSDT-x2_1.aml
11:592  0:014        * 8A387018: 'SSDT', 'Cpu0Cst', Rev: 2, Len: 1024  53 53 44 54 00 04 00 00 02 D9 50 6D 52 65 66 00 Internal length = 1024 -> SSDT-x2_2.aml
11:606  0:014        * 8A389A98: 'SSDT', 'ApCst', Rev: 2, Len: 778  53 53 44 54 0A 03 00 00 02 E9 50 6D 52 65 66 00 Internal length = 778 -> SSDT-x2_3.aml
11:620  0:014        * 8A390918: 'SSDT', 'Cpu0Hwp', Rev: 2, Len: 283  53 53 44 54 1B 01 00 00 02 61 50 6D 52 65 66 00 Internal length = 283 -> SSDT-x2_4.aml
11:634  0:014        * 8A387698: 'SSDT', 'ApHwp', Rev: 2, Len: 791  53 53 44 54 17 03 00 00 02 E3 50 6D 52 65 66 00 Internal length = 791 -> SSDT-x2_5.aml
11:649  0:014        * 8A389018: 'SSDT', 'HwpLvt', Rev: 2, Len: 1828  53 53 44 54 24 07 00 00 02 CA 50 6D 52 65 66 00 Internal length = 1828 -> SSDT-x2_6.aml
11:663  0:014  
11:663  0:000    9. 8A41CD20: 'MSDM', 'Notebook', Rev: 3, Len: 85 -> MSDM.aml
11:678  0:014    10. 8A41CD78: 'SSDT', 'SaSsdt', Rev: 2, Len: 12742 -> SSDT-3.aml
11:692  0:014    11. 8A41FF40: 'HPET', 'Notebook', Rev: 1, Len: 56 -> HPET.aml
11:706  0:014    12. 8A41FF78: 'SSDT', 'xh_whld4', Rev: 2, Len: 10695 -> SSDT-4.aml
11:721  0:014    13. 8A422940: 'UEFI', 'Notebook', Rev: 1, Len: 72 -> UEFI.aml
11:735  0:014    14. 8A422988: 'LPIT', 'Notebook', Rev: 1, Len: 92 -> LPIT.aml
11:750  0:014    15. 8A4229E8: 'SSDT', 'TbtTypeC', Rev: 2, Len: 5346 -> SSDT-5.aml
11:764  0:014    16. 8A423ED0: 'DBGP', 'Notebook', Rev: 1, Len: 52 -> DBGP.aml
11:778  0:014    17. 8A423F08: 'DBG2', 'Notebook', Rev: 0, Len: 84 -> DBG2.aml
11:794  0:015    18. 8A423F60: 'SSDT', 'ADebTabl', Rev: 2, Len: 324 -> SSDT-6.aml
11:809  0:014    19. 8A4240A8: 'SSDT', 'SgRpSsdt', Rev: 2, Len: 1308 -> SSDT-7.aml
11:823  0:014    20. 8A4245C8: 'NHLT', 'EDK2', Rev: 0, Len: 45 -> NHLT.aml
11:839  0:015    21. 8A4245F8: 'BGRT', 'Notebook', Rev: 1, Len: 56 -> BGRT.aml
11:853  0:014    22. 8A424630: 'TPM2', 'Notebook', Rev: 4, Len: 52 -> TPM2.aml
11:867  0:014    23. 8A424668: 'SSDT', 'OptTabl', Rev: 1, Len: 8226 -> SSDT-8.aml
11:882  0:014    24. 8A426690: 'WSMT', 'Notebook', Rev: 1, Len: 40 -> WSMT.aml
11:896  0:014    Tables in Rsdt: 25
11:896  0:000    0. 8A3D41A8: 'FACP', 'Notebook', Rev: 2, Len: 132 -> RSDT-FACP.aml
11:910  0:014        (Dsdt: 8A3D4230, Facs: 8A526040)
11:910  0:000        8A3D4230: 'DSDT', 'Notebook', Rev: 2, Len: 268120
11:914  0:003        8A526040: 'FACS', Ver: 0, Len: 64 -> RSDT-FACS.aml
11:928  0:014    1. 8A415AA0: 'APIC', 'Notebook', Rev: 4, Len: 188
11:928  0:000    2. 8A415B60: 'FPDT', 'Notebook', Rev: 1, Len: 68
11:928  0:000    3. 8A415BA8: 'FIDT', 'Notebook', Rev: 1, Len: 156
11:928  0:000    4. 8A415C48: 'MCFG', 'Notebook', Rev: 1, Len: 60
11:928  0:000    5. 8A415C88: 'ECDT', 'Notebook', Rev: 1, Len: 193
11:928  0:000    6. 8A415D50: 'SSDT', 'SataTabl', Rev: 1, Len: 888
11:928  0:000    7. 8A4160C8: 'SSDT', 'DptfTabl', Rev: 2, Len: 21648
11:928  0:000    8. 8A41B558: 'SSDT', 'CpuSsdt', Rev: 2, Len: 6086
11:928  0:000    9. 8A41CD20: 'MSDM', 'Notebook', Rev: 3, Len: 85
11:928  0:000    10. 8A41CD78: 'SSDT', 'SaSsdt', Rev: 2, Len: 12742
11:928  0:000    11. 8A41FF40: 'HPET', 'Notebook', Rev: 1, Len: 56
11:928  0:000    12. 8A41FF78: 'SSDT', 'xh_whld4', Rev: 2, Len: 10695
11:928  0:000    13. 8A422940: 'UEFI', 'Notebook', Rev: 1, Len: 72
11:928  0:000    14. 8A422988: 'LPIT', 'Notebook', Rev: 1, Len: 92
11:928  0:000    15. 8A4229E8: 'SSDT', 'TbtTypeC', Rev: 2, Len: 5346
11:928  0:000    16. 8A423ED0: 'DBGP', 'Notebook', Rev: 1, Len: 52
11:928  0:000    17. 8A423F08: 'DBG2', 'Notebook', Rev: 0, Len: 84
11:928  0:000    18. 8A423F60: 'SSDT', 'ADebTabl', Rev: 2, Len: 324
11:928  0:000    19. 8A4240A8: 'SSDT', 'SgRpSsdt', Rev: 2, Len: 1308
11:928  0:000    20. 8A4245C8: 'NHLT', 'EDK2', Rev: 0, Len: 45
11:928  0:000    21. 8A4245F8: 'BGRT', 'Notebook', Rev: 1, Len: 56
11:928  0:000    22. 8A424630: 'TPM2', 'Notebook', Rev: 4, Len: 52
11:928  0:000    23. 8A424668: 'SSDT', 'OptTabl', Rev: 1, Len: 8226
11:928  0:000    24. 8A426690: 'WSMT', 'Notebook', Rev: 1, Len: 40
11:928  0:000  Found UEFI Acpi 1.0 RSDP at 8A3D4000
11:928  0:000  Printing ACPI tables from RSDP 8A3D4000 ...
11:928  0:000   8A3D4000: 'RSD PTR ', Rev: 2 (Acpi 2.0 or newer), Len: 36
11:928  0:000    (Xsdt: 8A3D40B8, Rsdt: 8A3D4028)
11:928  0:000    8A3D40B8: 'XSDT', 'Notebook', Rev: 1, Len: 236
11:928  0:000    8A3D4028: 'RSDT', 'Notebook', Rev: 1, Len: 136
11:928  0:000    Tables in Xsdt: 25
11:928  0:000    0. 8A415988: 'FACP', 'Notebook', Rev: 6, Len: 276
11:928  0:000        (Dsdt: 8A3D4230, Facs: 8A526080, XDsdt: 8A3D4230, XFacs: 0)
11:928  0:000        8A3D4230: 'DSDT', 'Notebook', Rev: 2, Len: 268120
11:932  0:003        8A526080: 'FACS', Ver: 2, Len: 64
11:932  0:000    1. 8A415AA0: 'APIC', 'Notebook', Rev: 4, Len: 188
11:932  0:000    2. 8A415B60: 'FPDT', 'Notebook', Rev: 1, Len: 68
11:932  0:000    3. 8A415BA8: 'FIDT', 'Notebook', Rev: 1, Len: 156
11:932  0:000    4. 8A415C48: 'MCFG', 'Notebook', Rev: 1, Len: 60
11:932  0:000    5. 8A415C88: 'ECDT', 'Notebook', Rev: 1, Len: 193
11:932  0:000    6. 8A415D50: 'SSDT', 'SataTabl', Rev: 1, Len: 888
11:932  0:000    7. 8A4160C8: 'SSDT', 'DptfTabl', Rev: 2, Len: 21648
11:932  0:000    8. 8A41B558: 'SSDT', 'CpuSsdt', Rev: 2, Len: 6086
11:932  0:000    9. 8A41CD20: 'MSDM', 'Notebook', Rev: 3, Len: 85
11:932  0:000    10. 8A41CD78: 'SSDT', 'SaSsdt', Rev: 2, Len: 12742
11:932  0:000    11. 8A41FF40: 'HPET', 'Notebook', Rev: 1, Len: 56
11:932  0:000    12. 8A41FF78: 'SSDT', 'xh_whld4', Rev: 2, Len: 10695
11:932  0:000    13. 8A422940: 'UEFI', 'Notebook', Rev: 1, Len: 72
11:932  0:000    14. 8A422988: 'LPIT', 'Notebook', Rev: 1, Len: 92
11:932  0:000    15. 8A4229E8: 'SSDT', 'TbtTypeC', Rev: 2, Len: 5346
11:932  0:000    16. 8A423ED0: 'DBGP', 'Notebook', Rev: 1, Len: 52
11:932  0:000    17. 8A423F08: 'DBG2', 'Notebook', Rev: 0, Len: 84
11:932  0:000    18. 8A423F60: 'SSDT', 'ADebTabl', Rev: 2, Len: 324
11:932  0:000    19. 8A4240A8: 'SSDT', 'SgRpSsdt', Rev: 2, Len: 1308
11:932  0:000    20. 8A4245C8: 'NHLT', 'EDK2', Rev: 0, Len: 45
11:932  0:000    21. 8A4245F8: 'BGRT', 'Notebook', Rev: 1, Len: 56
11:932  0:000    22. 8A424630: 'TPM2', 'Notebook', Rev: 4, Len: 52
11:932  0:000    23. 8A424668: 'SSDT', 'OptTabl', Rev: 1, Len: 8226
11:932  0:000    24. 8A426690: 'WSMT', 'Notebook', Rev: 1, Len: 40
11:932  0:000    Tables in Rsdt: 25
11:932  0:000    0. 8A3D41A8: 'FACP', 'Notebook', Rev: 2, Len: 132
11:932  0:000        (Dsdt: 8A3D4230, Facs: 8A526040)
11:932  0:000        8A3D4230: 'DSDT', 'Notebook', Rev: 2, Len: 268120
11:936  0:003        8A526040: 'FACS', Ver: 0, Len: 64
11:936  0:000    1. 8A415AA0: 'APIC', 'Notebook', Rev: 4, Len: 188
11:936  0:000    2. 8A415B60: 'FPDT', 'Notebook', Rev: 1, Len: 68
11:936  0:000    3. 8A415BA8: 'FIDT', 'Notebook', Rev: 1, Len: 156
11:936  0:000    4. 8A415C48: 'MCFG', 'Notebook', Rev: 1, Len: 60
11:936  0:000    5. 8A415C88: 'ECDT', 'Notebook', Rev: 1, Len: 193
11:936  0:000    6. 8A415D50: 'SSDT', 'SataTabl', Rev: 1, Len: 888
11:936  0:000    7. 8A4160C8: 'SSDT', 'DptfTabl', Rev: 2, Len: 21648
11:936  0:000    8. 8A41B558: 'SSDT', 'CpuSsdt', Rev: 2, Len: 6086
11:936  0:000    9. 8A41CD20: 'MSDM', 'Notebook', Rev: 3, Len: 85
11:936  0:000    10. 8A41CD78: 'SSDT', 'SaSsdt', Rev: 2, Len: 12742
11:936  0:000    11. 8A41FF40: 'HPET', 'Notebook', Rev: 1, Len: 56
11:936  0:000    12. 8A41FF78: 'SSDT', 'xh_whld4', Rev: 2, Len: 10695
11:936  0:000    13. 8A422940: 'UEFI', 'Notebook', Rev: 1, Len: 72
11:936  0:000    14. 8A422988: 'LPIT', 'Notebook', Rev: 1, Len: 92
11:936  0:000    15. 8A4229E8: 'SSDT', 'TbtTypeC', Rev: 2, Len: 5346
11:936  0:000    16. 8A423ED0: 'DBGP', 'Notebook', Rev: 1, Len: 52
11:936  0:000    17. 8A423F08: 'DBG2', 'Notebook', Rev: 0, Len: 84
11:936  0:000    18. 8A423F60: 'SSDT', 'ADebTabl', Rev: 2, Len: 324
11:936  0:000    19. 8A4240A8: 'SSDT', 'SgRpSsdt', Rev: 2, Len: 1308
11:936  0:000    20. 8A4245C8: 'NHLT', 'EDK2', Rev: 0, Len: 45
11:936  0:000    21. 8A4245F8: 'BGRT', 'Notebook', Rev: 1, Len: 56
11:936  0:000    22. 8A424630: 'TPM2', 'Notebook', Rev: 4, Len: 52
11:936  0:000    23. 8A424668: 'SSDT', 'OptTabl', Rev: 1, Len: 8226
11:936  0:000    24. 8A426690: 'WSMT', 'Notebook', Rev: 1, Len: 40
12:154  0:218  can't bear mouse at sel! Status=Unsupported
12:623  0:468  can't bear mouse at sel! Status=Unsupported
13:012  0:389  Found UEFI Acpi 2.0 RSDP at 8A3D4000
13:012  0:000  Saving ACPI tables from RSDP 8A3D4000 to EFI\CLOVER\ACPI\origin ...
13:012  0:000   8A3D4000: 'RSD PTR ', Rev: 2 (Acpi 2.0 or newer), Len: 36
13:012  0:000    (Xsdt: 8A3D40B8, Rsdt: 8A3D4028)
13:012  0:000    8A3D40B8: 'XSDT', 'Notebook', Rev: 1, Len: 236
13:012  0:000    8A3D4028: 'RSDT', 'Notebook', Rev: 1, Len: 136
13:012  0:000    Tables in Xsdt: 25
13:012  0:000    0. 8A415988: 'FACP', 'Notebook', Rev: 6, Len: 276
13:012  0:000        (Dsdt: 8A3D4230, Facs: 8A526080, XDsdt: 8A3D4230, XFacs: 0)
13:012  0:000        8A3D4230: 'DSDT', 'Notebook', Rev: 2, Len: 268120
13:016  0:003        8A526080: 'FACS', Ver: 2, Len: 64
13:016  0:000    1. 8A415AA0: 'APIC', 'Notebook', Rev: 4, Len: 188
13:016  0:000    2. 8A415B60: 'FPDT', 'Notebook', Rev: 1, Len: 68
13:016  0:000    3. 8A415BA8: 'FIDT', 'Notebook', Rev: 1, Len: 156
13:016  0:000    4. 8A415C48: 'MCFG', 'Notebook', Rev: 1, Len: 60
13:016  0:000    5. 8A415C88: 'ECDT', 'Notebook', Rev: 1, Len: 193
13:016  0:000    6. 8A415D50: 'SSDT', 'SataTabl', Rev: 1, Len: 888
13:016  0:000    7. 8A4160C8: 'SSDT', 'DptfTabl', Rev: 2, Len: 21648
13:016  0:000    8. 8A41B558: 'SSDT', 'CpuSsdt', Rev: 2, Len: 6086
13:016  0:000    9. 8A41CD20: 'MSDM', 'Notebook', Rev: 3, Len: 85
13:016  0:000    10. 8A41CD78: 'SSDT', 'SaSsdt', Rev: 2, Len: 12742
13:016  0:000    11. 8A41FF40: 'HPET', 'Notebook', Rev: 1, Len: 56
13:016  0:000    12. 8A41FF78: 'SSDT', 'xh_whld4', Rev: 2, Len: 10695
13:016  0:000    13. 8A422940: 'UEFI', 'Notebook', Rev: 1, Len: 72
13:016  0:000    14. 8A422988: 'LPIT', 'Notebook', Rev: 1, Len: 92
13:016  0:000    15. 8A4229E8: 'SSDT', 'TbtTypeC', Rev: 2, Len: 5346
13:016  0:000    16. 8A423ED0: 'DBGP', 'Notebook', Rev: 1, Len: 52
13:016  0:000    17. 8A423F08: 'DBG2', 'Notebook', Rev: 0, Len: 84
13:016  0:000    18. 8A423F60: 'SSDT', 'ADebTabl', Rev: 2, Len: 324
13:016  0:000    19. 8A4240A8: 'SSDT', 'SgRpSsdt', Rev: 2, Len: 1308
13:016  0:000    20. 8A4245C8: 'NHLT', 'EDK2', Rev: 0, Len: 45
13:016  0:000    21. 8A4245F8: 'BGRT', 'Notebook', Rev: 1, Len: 56
13:016  0:000    22. 8A424630: 'TPM2', 'Notebook', Rev: 4, Len: 52
13:016  0:000    23. 8A424668: 'SSDT', 'OptTabl', Rev: 1, Len: 8226
13:016  0:000    24. 8A426690: 'WSMT', 'Notebook', Rev: 1, Len: 40
13:016  0:000    Tables in Rsdt: 25
13:016  0:000    0. 8A3D41A8: 'FACP', 'Notebook', Rev: 2, Len: 132
13:016  0:000        (Dsdt: 8A3D4230, Facs: 8A526040)
13:016  0:000        8A3D4230: 'DSDT', 'Notebook', Rev: 2, Len: 268120
13:019  0:003        8A526040: 'FACS', Ver: 0, Len: 64
13:019  0:000    1. 8A415AA0: 'APIC', 'Notebook', Rev: 4, Len: 188
13:019  0:000    2. 8A415B60: 'FPDT', 'Notebook', Rev: 1, Len: 68
13:019  0:000    3. 8A415BA8: 'FIDT', 'Notebook', Rev: 1, Len: 156
13:019  0:000    4. 8A415C48: 'MCFG', 'Notebook', Rev: 1, Len: 60
13:019  0:000    5. 8A415C88: 'ECDT', 'Notebook', Rev: 1, Len: 193
13:019  0:000    6. 8A415D50: 'SSDT', 'SataTabl', Rev: 1, Len: 888
13:019  0:000    7. 8A4160C8: 'SSDT', 'DptfTabl', Rev: 2, Len: 21648
13:019  0:000    8. 8A41B558: 'SSDT', 'CpuSsdt', Rev: 2, Len: 6086
13:019  0:000    9. 8A41CD20: 'MSDM', 'Notebook', Rev: 3, Len: 85
13:019  0:000    10. 8A41CD78: 'SSDT', 'SaSsdt', Rev: 2, Len: 12742
13:019  0:000    11. 8A41FF40: 'HPET', 'Notebook', Rev: 1, Len: 56
13:019  0:000    12. 8A41FF78: 'SSDT', 'xh_whld4', Rev: 2, Len: 10695
13:019  0:000    13. 8A422940: 'UEFI', 'Notebook', Rev: 1, Len: 72
13:019  0:000    14. 8A422988: 'LPIT', 'Notebook', Rev: 1, Len: 92
13:019  0:000    15. 8A4229E8: 'SSDT', 'TbtTypeC', Rev: 2, Len: 5346
13:019  0:000    16. 8A423ED0: 'DBGP', 'Notebook', Rev: 1, Len: 52
13:019  0:000    17. 8A423F08: 'DBG2', 'Notebook', Rev: 0, Len: 84
13:019  0:000    18. 8A423F60: 'SSDT', 'ADebTabl', Rev: 2, Len: 324
13:019  0:000    19. 8A4240A8: 'SSDT', 'SgRpSsdt', Rev: 2, Len: 1308
13:019  0:000    20. 8A4245C8: 'NHLT', 'EDK2', Rev: 0, Len: 45
13:019  0:000    21. 8A4245F8: 'BGRT', 'Notebook', Rev: 1, Len: 56
13:019  0:000    22. 8A424630: 'TPM2', 'Notebook', Rev: 4, Len: 52
13:019  0:000    23. 8A424668: 'SSDT', 'OptTabl', Rev: 1, Len: 8226
13:019  0:000    24. 8A426690: 'WSMT', 'Notebook', Rev: 1, Len: 40
13:019  0:000  Found UEFI Acpi 1.0 RSDP at 8A3D4000
13:019  0:000  Printing ACPI tables from RSDP 8A3D4000 ...
13:019  0:000   8A3D4000: 'RSD PTR ', Rev: 2 (Acpi 2.0 or newer), Len: 36
13:019  0:000    (Xsdt: 8A3D40B8, Rsdt: 8A3D4028)
13:019  0:000    8A3D40B8: 'XSDT', 'Notebook', Rev: 1, Len: 236
13:019  0:000    8A3D4028: 'RSDT', 'Notebook', Rev: 1, Len: 136
13:019  0:000    Tables in Xsdt: 25
13:019  0:000    0. 8A415988: 'FACP', 'Notebook', Rev: 6, Len: 276
13:019  0:000        (Dsdt: 8A3D4230, Facs: 8A526080, XDsdt: 8A3D4230, XFacs: 0)
13:019  0:000        8A3D4230: 'DSDT', 'Notebook', Rev: 2, Len: 268120
13:023  0:003        8A526080: 'FACS', Ver: 2, Len: 64
13:023  0:000    1. 8A415AA0: 'APIC', 'Notebook', Rev: 4, Len: 188
13:023  0:000    2. 8A415B60: 'FPDT', 'Notebook', Rev: 1, Len: 68
13:023  0:000    3. 8A415BA8: 'FIDT', 'Notebook', Rev: 1, Len: 156
13:023  0:000    4. 8A415C48: 'MCFG', 'Notebook', Rev: 1, Len: 60
13:023  0:000    5. 8A415C88: 'ECDT', 'Notebook', Rev: 1, Len: 193
13:023  0:000    6. 8A415D50: 'SSDT', 'SataTabl', Rev: 1, Len: 888
13:023  0:000    7. 8A4160C8: 'SSDT', 'DptfTabl', Rev: 2, Len: 21648
13:023  0:000    8. 8A41B558: 'SSDT', 'CpuSsdt', Rev: 2, Len: 6086
13:023  0:000    9. 8A41CD20: 'MSDM', 'Notebook', Rev: 3, Len: 85
13:023  0:000    10. 8A41CD78: 'SSDT', 'SaSsdt', Rev: 2, Len: 12742
13:023  0:000    11. 8A41FF40: 'HPET', 'Notebook', Rev: 1, Len: 56
13:023  0:000    12. 8A41FF78: 'SSDT', 'xh_whld4', Rev: 2, Len: 10695
13:023  0:000    13. 8A422940: 'UEFI', 'Notebook', Rev: 1, Len: 72
13:023  0:000    14. 8A422988: 'LPIT', 'Notebook', Rev: 1, Len: 92
13:023  0:000    15. 8A4229E8: 'SSDT', 'TbtTypeC', Rev: 2, Len: 5346
13:023  0:000    16. 8A423ED0: 'DBGP', 'Notebook', Rev: 1, Len: 52
13:023  0:000    17. 8A423F08: 'DBG2', 'Notebook', Rev: 0, Len: 84
13:023  0:000    18. 8A423F60: 'SSDT', 'ADebTabl', Rev: 2, Len: 324
13:023  0:000    19. 8A4240A8: 'SSDT', 'SgRpSsdt', Rev: 2, Len: 1308
13:023  0:000    20. 8A4245C8: 'NHLT', 'EDK2', Rev: 0, Len: 45
13:023  0:000    21. 8A4245F8: 'BGRT', 'Notebook', Rev: 1, Len: 56
13:023  0:000    22. 8A424630: 'TPM2', 'Notebook', Rev: 4, Len: 52
13:023  0:000    23. 8A424668: 'SSDT', 'OptTabl', Rev: 1, Len: 8226
13:023  0:000    24. 8A426690: 'WSMT', 'Notebook', Rev: 1, Len: 40
13:023  0:000    Tables in Rsdt: 25
13:023  0:000    0. 8A3D41A8: 'FACP', 'Notebook', Rev: 2, Len: 132
13:023  0:000        (Dsdt: 8A3D4230, Facs: 8A526040)
13:023  0:000        8A3D4230: 'DSDT', 'Notebook', Rev: 2, Len: 268120
13:026  0:003        8A526040: 'FACS', Ver: 0, Len: 64
13:026  0:000    1. 8A415AA0: 'APIC', 'Notebook', Rev: 4, Len: 188
13:026  0:000    2. 8A415B60: 'FPDT', 'Notebook', Rev: 1, Len: 68
13:026  0:000    3. 8A415BA8: 'FIDT', 'Notebook', Rev: 1, Len: 156
13:026  0:000    4. 8A415C48: 'MCFG', 'Notebook', Rev: 1, Len: 60
13:026  0:000    5. 8A415C88: 'ECDT', 'Notebook', Rev: 1, Len: 193
13:026  0:000    6. 8A415D50: 'SSDT', 'SataTabl', Rev: 1, Len: 888
13:026  0:000    7. 8A4160C8: 'SSDT', 'DptfTabl', Rev: 2, Len: 21648
13:027  0:000    8. 8A41B558: 'SSDT', 'CpuSsdt', Rev: 2, Len: 6086
13:027  0:000    9. 8A41CD20: 'MSDM', 'Notebook', Rev: 3, Len: 85
13:027  0:000    10. 8A41CD78: 'SSDT', 'SaSsdt', Rev: 2, Len: 12742
13:027  0:000    11. 8A41FF40: 'HPET', 'Notebook', Rev: 1, Len: 56
13:027  0:000    12. 8A41FF78: 'SSDT', 'xh_whld4', Rev: 2, Len: 10695
13:027  0:000    13. 8A422940: 'UEFI', 'Notebook', Rev: 1, Len: 72
13:027  0:000    14. 8A422988: 'LPIT', 'Notebook', Rev: 1, Len: 92
13:027  0:000    15. 8A4229E8: 'SSDT', 'TbtTypeC', Rev: 2, Len: 5346
13:027  0:000    16. 8A423ED0: 'DBGP', 'Notebook', Rev: 1, Len: 52
13:027  0:000    17. 8A423F08: 'DBG2', 'Notebook', Rev: 0, Len: 84
13:027  0:000    18. 8A423F60: 'SSDT', 'ADebTabl', Rev: 2, Len: 324
13:027  0:000    19. 8A4240A8: 'SSDT', 'SgRpSsdt', Rev: 2, Len: 1308
13:027  0:000    20. 8A4245C8: 'NHLT', 'EDK2', Rev: 0, Len: 45
13:027  0:000    21. 8A4245F8: 'BGRT', 'Notebook', Rev: 1, Len: 56
13:027  0:000    22. 8A424630: 'TPM2', 'Notebook', Rev: 4, Len: 52
13:027  0:000    23. 8A424668: 'SSDT', 'OptTabl', Rev: 1, Len: 8226
13:027  0:000    24. 8A426690: 'WSMT', 'Notebook', Rev: 1, Len: 40
13:236  0:209  can't bear mouse at sel! Status=Unsupported
13:532  0:295  can't bear mouse at sel! Status=Unsupported
14:550  1:017  Found UEFI Acpi 2.0 RSDP at 8A3D4000
14:550  0:000  Saving ACPI tables from RSDP 8A3D4000 to EFI\CLOVER\ACPI\origin ...
14:550  0:000   8A3D4000: 'RSD PTR ', Rev: 2 (Acpi 2.0 or newer), Len: 36 -> RSDP.aml
14:564  0:014    (Xsdt: 8A3D40B8, Rsdt: 8A3D4028)
14:564  0:000    8A3D40B8: 'XSDT', 'Notebook', Rev: 1, Len: 236 -> XSDT.aml
14:578  0:014    8A3D4028: 'RSDT', 'Notebook', Rev: 1, Len: 136 -> RSDT.aml
14:593  0:014    Tables in Xsdt: 25
14:593  0:000    0. 8A415988: 'FACP', 'Notebook', Rev: 6, Len: 276 -> FACP.aml
14:607  0:014        (Dsdt: 8A3D4230, Facs: 8A526080, XDsdt: 8A3D4230, XFacs: 0)
14:607  0:000        8A3D4230: 'DSDT', 'Notebook', Rev: 2, Len: 268120 -> DSDT.aml
14:625  0:018        8A526080: 'FACS', Ver: 2, Len: 64 -> FACS.aml
14:640  0:014    1. 8A415AA0: 'APIC', 'Notebook', Rev: 4, Len: 188 -> APIC.aml
14:655  0:015    2. 8A415B60: 'FPDT', 'Notebook', Rev: 1, Len: 68 -> FPDT.aml
14:670  0:014    3. 8A415BA8: 'FIDT', 'Notebook', Rev: 1, Len: 156 -> FIDT.aml
14:684  0:014    4. 8A415C48: 'MCFG', 'Notebook', Rev: 1, Len: 60 -> MCFG.aml
14:698  0:014    5. 8A415C88: 'ECDT', 'Notebook', Rev: 1, Len: 193 -> ECDT.aml
14:712  0:014    6. 8A415D50: 'SSDT', 'SataTabl', Rev: 1, Len: 888 -> SSDT-0.aml
14:737  0:024    7. 8A4160C8: 'SSDT', 'DptfTabl', Rev: 2, Len: 21648 -> SSDT-1.aml
14:751  0:014    8. 8A41B558: 'SSDT', 'CpuSsdt', Rev: 2, Len: 6086 -> SSDT-2.aml (Found hidden SSDT 7 pcs)
14:775  0:024        * 8A390298: 'SSDT', 'Cpu0Ist', Rev: 2, Len: 1515  53 53 44 54 EB 05 00 00 02 84 50 6D 52 65 66 00 Internal length = 1515 -> SSDT-x2_0.aml
14:791  0:015        * 8A388018: 'SSDT', 'ApIst', Rev: 2, Len: 3825  53 53 44 54 F1 0E 00 00 02 ED 50 6D 52 65 66 00 Internal length = 3825 -> SSDT-x2_1.aml
14:806  0:014        * 8A387018: 'SSDT', 'Cpu0Cst', Rev: 2, Len: 1024  53 53 44 54 00 04 00 00 02 D9 50 6D 52 65 66 00 Internal length = 1024 -> SSDT-x2_2.aml
14:820  0:014        * 8A389A98: 'SSDT', 'ApCst', Rev: 2, Len: 778  53 53 44 54 0A 03 00 00 02 E9 50 6D 52 65 66 00 Internal length = 778 -> SSDT-x2_3.aml
14:834  0:014        * 8A390918: 'SSDT', 'Cpu0Hwp', Rev: 2, Len: 283  53 53 44 54 1B 01 00 00 02 61 50 6D 52 65 66 00 Internal length = 283 -> SSDT-x2_4.aml
14:849  0:014        * 8A387698: 'SSDT', 'ApHwp', Rev: 2, Len: 791  53 53 44 54 17 03 00 00 02 E3 50 6D 52 65 66 00 Internal length = 791 -> SSDT-x2_5.aml
14:864  0:015        * 8A389018: 'SSDT', 'HwpLvt', Rev: 2, Len: 1828  53 53 44 54 24 07 00 00 02 CA 50 6D 52 65 66 00 Internal length = 1828 -> SSDT-x2_6.aml
14:879  0:014  
14:879  0:000    9. 8A41CD20: 'MSDM', 'Notebook', Rev: 3, Len: 85 -> MSDM.aml
14:893  0:014    10. 8A41CD78: 'SSDT', 'SaSsdt', Rev: 2, Len: 12742 -> SSDT-3.aml
14:908  0:014    11. 8A41FF40: 'HPET', 'Notebook', Rev: 1, Len: 56 -> HPET.aml
14:923  0:015    12. 8A41FF78: 'SSDT', 'xh_whld4', Rev: 2, Len: 10695 -> SSDT-4.aml
14:938  0:014    13. 8A422940: 'UEFI', 'Notebook', Rev: 1, Len: 72 -> UEFI.aml
14:952  0:014    14. 8A422988: 'LPIT', 'Notebook', Rev: 1, Len: 92 -> LPIT.aml
14:976  0:023    15. 8A4229E8: 'SSDT', 'TbtTypeC', Rev: 2, Len: 5346
14:976  0:000    16. 8A423ED0: 'DBGP', 'Notebook', Rev: 1, Len: 52
14:976  0:000    17. 8A423F08: 'DBG2', 'Notebook', Rev: 0, Len: 84 -> DBG2.aml
14:991  0:014    18. 8A423F60: 'SSDT', 'ADebTabl', Rev: 2, Len: 324 -> SSDT-5.aml
15:005  0:014    19. 8A4240A8: 'SSDT', 'SgRpSsdt', Rev: 2, Len: 1308 -> SSDT-6.aml
15:030  0:024    20. 8A4245C8: 'NHLT', 'EDK2', Rev: 0, Len: 45 -> NHLT.aml
15:045  0:015    21. 8A4245F8: 'BGRT', 'Notebook', Rev: 1, Len: 56 -> BGRT.aml
15:070  0:024    22. 8A424630: 'TPM2', 'Notebook', Rev: 4, Len: 52 -> TPM2.aml
15:084  0:014    23. 8A424668: 'SSDT', 'OptTabl', Rev: 1, Len: 8226 -> SSDT-7.aml
15:099  0:015    24. 8A426690: 'WSMT', 'Notebook', Rev: 1, Len: 40 -> WSMT.aml
15:113  0:014    Tables in Rsdt: 25
15:113  0:000    0. 8A3D41A8: 'FACP', 'Notebook', Rev: 2, Len: 132 -> RSDT-FACP.aml
15:128  0:014        (Dsdt: 8A3D4230, Facs: 8A526040)
15:128  0:000        8A3D4230: 'DSDT', 'Notebook', Rev: 2, Len: 268120
15:131  0:003        8A526040: 'FACS', Ver: 0, Len: 64 -> RSDT-FACS.aml
15:155  0:023    1. 8A415AA0: 'APIC', 'Notebook', Rev: 4, Len: 188
15:155  0:000    2. 8A415B60: 'FPDT', 'Notebook', Rev: 1, Len: 68
15:155  0:000    3. 8A415BA8: 'FIDT', 'Notebook', Rev: 1, Len: 156
15:155  0:000    4. 8A415C48: 'MCFG', 'Notebook', Rev: 1, Len: 60
15:155  0:000    5. 8A415C88: 'ECDT', 'Notebook', Rev: 1, Len: 193
15:155  0:000    6. 8A415D50: 'SSDT', 'SataTabl', Rev: 1, Len: 888
15:155  0:000    7. 8A4160C8: 'SSDT', 'DptfTabl', Rev: 2, Len: 21648
15:155  0:000    8. 8A41B558: 'SSDT', 'CpuSsdt', Rev: 2, Len: 6086
15:155  0:000    9. 8A41CD20: 'MSDM', 'Notebook', Rev: 3, Len: 85
15:155  0:000    10. 8A41CD78: 'SSDT', 'SaSsdt', Rev: 2, Len: 12742
15:155  0:000    11. 8A41FF40: 'HPET', 'Notebook', Rev: 1, Len: 56
15:155  0:000    12. 8A41FF78: 'SSDT', 'xh_whld4', Rev: 2, Len: 10695
15:155  0:000    13. 8A422940: 'UEFI', 'Notebook', Rev: 1, Len: 72
15:155  0:000    14. 8A422988: 'LPIT', 'Notebook', Rev: 1, Len: 92
15:155  0:000    15. 8A4229E8: 'SSDT', 'TbtTypeC', Rev: 2, Len: 5346
15:155  0:000    16. 8A423ED0: 'DBGP', 'Notebook', Rev: 1, Len: 52
15:155  0:000    17. 8A423F08: 'DBG2', 'Notebook', Rev: 0, Len: 84
15:155  0:000    18. 8A423F60: 'SSDT', 'ADebTabl', Rev: 2, Len: 324
15:155  0:000    19. 8A4240A8: 'SSDT', 'SgRpSsdt', Rev: 2, Len: 1308
15:155  0:000    20. 8A4245C8: 'NHLT', 'EDK2', Rev: 0, Len: 45
15:155  0:000    21. 8A4245F8: 'BGRT', 'Notebook', Rev: 1, Len: 56
15:155  0:000    22. 8A424630: 'TPM2', 'Notebook', Rev: 4, Len: 52
15:155  0:000    23. 8A424668: 'SSDT', 'OptTabl', Rev: 1, Len: 8226
15:155  0:000    24. 8A426690: 'WSMT', 'Notebook', Rev: 1, Len: 40
15:155  0:000  Found UEFI Acpi 1.0 RSDP at 8A3D4000
15:155  0:000  Printing ACPI tables from RSDP 8A3D4000 ...
15:155  0:000   8A3D4000: 'RSD PTR ', Rev: 2 (Acpi 2.0 or newer), Len: 36
15:155  0:000    (Xsdt: 8A3D40B8, Rsdt: 8A3D4028)
15:155  0:000    8A3D40B8: 'XSDT', 'Notebook', Rev: 1, Len: 236
15:155  0:000    8A3D4028: 'RSDT', 'Notebook', Rev: 1, Len: 136
15:155  0:000    Tables in Xsdt: 25
15:155  0:000    0. 8A415988: 'FACP', 'Notebook', Rev: 6, Len: 276
15:155  0:000        (Dsdt: 8A3D4230, Facs: 8A526080, XDsdt: 8A3D4230, XFacs: 0)
15:155  0:000        8A3D4230: 'DSDT', 'Notebook', Rev: 2, Len: 268120
15:159  0:003        8A526080: 'FACS', Ver: 2, Len: 64
15:159  0:000    1. 8A415AA0: 'APIC', 'Notebook', Rev: 4, Len: 188
15:159  0:000    2. 8A415B60: 'FPDT', 'Notebook', Rev: 1, Len: 68
15:159  0:000    3. 8A415BA8: 'FIDT', 'Notebook', Rev: 1, Len: 156
15:159  0:000    4. 8A415C48: 'MCFG', 'Notebook', Rev: 1, Len: 60
15:159  0:000    5. 8A415C88: 'ECDT', 'Notebook', Rev: 1, Len: 193
15:159  0:000    6. 8A415D50: 'SSDT', 'SataTabl', Rev: 1, Len: 888
15:159  0:000    7. 8A4160C8: 'SSDT', 'DptfTabl', Rev: 2, Len: 21648
15:159  0:000    8. 8A41B558: 'SSDT', 'CpuSsdt', Rev: 2, Len: 6086
15:159  0:000    9. 8A41CD20: 'MSDM', 'Notebook', Rev: 3, Len: 85
15:159  0:000    10. 8A41CD78: 'SSDT', 'SaSsdt', Rev: 2, Len: 12742
15:159  0:000    11. 8A41FF40: 'HPET', 'Notebook', Rev: 1, Len: 56
15:159  0:000    12. 8A41FF78: 'SSDT', 'xh_whld4', Rev: 2, Len: 10695
15:159  0:000    13. 8A422940: 'UEFI', 'Notebook', Rev: 1, Len: 72
15:159  0:000    14. 8A422988: 'LPIT', 'Notebook', Rev: 1, Len: 92
15:159  0:000    15. 8A4229E8: 'SSDT', 'TbtTypeC', Rev: 2, Len: 5346
15:159  0:000    16. 8A423ED0: 'DBGP', 'Notebook', Rev: 1, Len: 52
15:159  0:000    17. 8A423F08: 'DBG2', 'Notebook', Rev: 0, Len: 84
15:159  0:000    18. 8A423F60: 'SSDT', 'ADebTabl', Rev: 2, Len: 324
15:159  0:000    19. 8A4240A8: 'SSDT', 'SgRpSsdt', Rev: 2, Len: 1308
15:159  0:000    20. 8A4245C8: 'NHLT', 'EDK2', Rev: 0, Len: 45
15:159  0:000    21. 8A4245F8: 'BGRT', 'Notebook', Rev: 1, Len: 56
15:159  0:000    22. 8A424630: 'TPM2', 'Notebook', Rev: 4, Len: 52
15:159  0:000    23. 8A424668: 'SSDT', 'OptTabl', Rev: 1, Len: 8226
15:159  0:000    24. 8A426690: 'WSMT', 'Notebook', Rev: 1, Len: 40
15:159  0:000    Tables in Rsdt: 25
15:159  0:000    0. 8A3D41A8: 'FACP', 'Notebook', Rev: 2, Len: 132
15:159  0:000        (Dsdt: 8A3D4230, Facs: 8A526040)
15:159  0:000        8A3D4230: 'DSDT', 'Notebook', Rev: 2, Len: 268120
15:162  0:003        8A526040: 'FACS', Ver: 0, Len: 64
15:162  0:000    1. 8A415AA0: 'APIC', 'Notebook', Rev: 4, Len: 188
15:162  0:000    2. 8A415B60: 'FPDT', 'Notebook', Rev: 1, Len: 68
15:162  0:000    3. 8A415BA8: 'FIDT', 'Notebook', Rev: 1, Len: 156
15:162  0:000    4. 8A415C48: 'MCFG', 'Notebook', Rev: 1, Len: 60
15:162  0:000    5. 8A415C88: 'ECDT', 'Notebook', Rev: 1, Len: 193
15:162  0:000    6. 8A415D50: 'SSDT', 'SataTabl', Rev: 1, Len: 888
15:162  0:000    7. 8A4160C8: 'SSDT', 'DptfTabl', Rev: 2, Len: 21648
15:162  0:000    8. 8A41B558: 'SSDT', 'CpuSsdt', Rev: 2, Len: 6086
15:162  0:000    9. 8A41CD20: 'MSDM', 'Notebook', Rev: 3, Len: 85
15:162  0:000    10. 8A41CD78: 'SSDT', 'SaSsdt', Rev: 2, Len: 12742
15:162  0:000    11. 8A41FF40: 'HPET', 'Notebook', Rev: 1, Len: 56
15:162  0:000    12. 8A41FF78: 'SSDT', 'xh_whld4', Rev: 2, Len: 10695
15:162  0:000    13. 8A422940: 'UEFI', 'Notebook', Rev: 1, Len: 72
15:162  0:000    14. 8A422988: 'LPIT', 'Notebook', Rev: 1, Len: 92
15:162  0:000    15. 8A4229E8: 'SSDT', 'TbtTypeC', Rev: 2, Len: 5346
15:162  0:000    16. 8A423ED0: 'DBGP', 'Notebook', Rev: 1, Len: 52
15:162  0:000    17. 8A423F08: 'DBG2', 'Notebook', Rev: 0, Len: 84
15:162  0:000    18. 8A423F60: 'SSDT', 'ADebTabl', Rev: 2, Len: 324
15:162  0:000    19. 8A4240A8: 'SSDT', 'SgRpSsdt', Rev: 2, Len: 1308
15:162  0:000    20. 8A4245C8: 'NHLT', 'EDK2', Rev: 0, Len: 45
15:162  0:000    21. 8A4245F8: 'BGRT', 'Notebook', Rev: 1, Len: 56
15:162  0:000    22. 8A424630: 'TPM2', 'Notebook', Rev: 4, Len: 52
15:162  0:000    23. 8A424668: 'SSDT', 'OptTabl', Rev: 1, Len: 8226
15:162  0:000    24. 8A426690: 'WSMT', 'Notebook', Rev: 1, Len: 40
